\BOOKMARK [1][-]{section.1}{\332vod}{}% 1
\BOOKMARK [1][-]{section.2}{Segment\341cie obrazov}{}% 2
\BOOKMARK [2][-]{subsection.2.1}{Glob\341lne prahovanie}{section.2}% 3
\BOOKMARK [3][-]{subsubsection.2.1.1}{Otsuho met\363da}{subsection.2.1}% 4
\BOOKMARK [3][-]{subsubsection.2.1.2}{Prahovanie pomocou maxim\341lnej entropie}{subsection.2.1}% 5
\BOOKMARK [2][-]{subsection.2.2}{Lok\341lne adapt\355vne prahovanie}{section.2}% 6
\BOOKMARK [3][-]{subsubsection.2.2.1}{Bernsenova met\363da}{subsection.2.2}% 7
\BOOKMARK [3][-]{subsubsection.2.2.2}{Niblackova met\363da}{subsection.2.2}% 8
\BOOKMARK [2][-]{subsection.2.3}{Met\363da subjekt\355vnych pl\364ch \(SUBSURF\)}{section.2}% 9
\BOOKMARK [1][-]{section.3}{Numerick\351 sch\351my}{}% 10
\BOOKMARK [2][-]{subsection.3.1}{Implicitn\341 met\363da pre rovnicu vedenia tepla}{section.3}% 11
\BOOKMARK [2][-]{subsection.3.2}{Numerick\341 sch\351ma pre SUBSURF}{section.3}% 12
\BOOKMARK [1][-]{section.4}{Softv\351r}{}% 13
\BOOKMARK [2][-]{subsection.4.1}{Qt}{section.4}% 14
\BOOKMARK [2][-]{subsection.4.2}{VTK}{section.4}% 15
\BOOKMARK [2][-]{subsection.4.3}{Rozdelenie projektu do tried}{section.4}% 16
\BOOKMARK [2][-]{subsection.4.4}{Grafick\351 u\236\355vatelsk\351 rozhranie}{section.4}% 17
\BOOKMARK [1][-]{section.5}{V\375sledky}{}% 18
\BOOKMARK [2][-]{subsection.5.1}{Okrajov\351 podmienky}{section.5}% 19
\BOOKMARK [2][-]{subsection.5.2}{Pociatocn\351 podmienky}{section.5}% 20
\BOOKMARK [1][-]{section.6}{Z\341ver}{}% 21
