This is pdfTeX, Version 3.14159265-2.6-1.40.20 (MiKTeX 2.9.7200 64-bit) (preloaded format=pdflatex 2019.10.27)  13 MAY 2020 00:47
entering extended mode
**./dip_sk.tex
(dip_sk.tex
LaTeX2e <2019-10-01> patch level 1
("C:\Program Files\MiKTeX 2.9\tex/latex/base\article.cls"
Document Class: article 2019/08/27 v1.4j Standard LaTeX document class
("C:\Program Files\MiKTeX 2.9\tex/latex/base\size11.clo"
File: size11.clo 2019/08/27 v1.4j Standard LaTeX file (size option)
)
\c@part=\count80
\c@section=\count81
\c@subsection=\count82
\c@subsubsection=\count83
\c@paragraph=\count84
\c@subparagraph=\count85
\c@figure=\count86
\c@table=\count87
\abovecaptionskip=\skip41
\belowcaptionskip=\skip42
\bibindent=\dimen102
)
("C:\Program Files\MiKTeX 2.9\tex/latex/geometry\geometry.sty"
Package: geometry 2018/04/16 v5.8 Page Geometry

("C:\Program Files\MiKTeX 2.9\tex/latex/graphics\keyval.sty"
Package: keyval 2014/10/28 v1.15 key=value parser (DPC)
\KV@toks@=\toks14
)
("C:\Program Files\MiKTeX 2.9\tex/generic/oberdiek\ifpdf.sty"
Package: ifpdf 2018/09/07 v3.3 Provides the ifpdf switch
)
("C:\Program Files\MiKTeX 2.9\tex/generic/oberdiek\ifvtex.sty"
Package: ifvtex 2016/05/16 v1.6 Detect VTeX and its facilities (HO)
Package ifvtex Info: VTeX not detected.
)
("C:\Program Files\MiKTeX 2.9\tex/generic/ifxetex\ifxetex.sty"
Package: ifxetex 2010/09/12 v0.6 Provides ifxetex conditional
)
\Gm@cnth=\count88
\Gm@cntv=\count89
\c@Gm@tempcnt=\count90
\Gm@bindingoffset=\dimen103
\Gm@wd@mp=\dimen104
\Gm@odd@mp=\dimen105
\Gm@even@mp=\dimen106
\Gm@layoutwidth=\dimen107
\Gm@layoutheight=\dimen108
\Gm@layouthoffset=\dimen109
\Gm@layoutvoffset=\dimen110
\Gm@dimlist=\toks15

("C:\Program Files\MiKTeX 2.9\tex/latex/geometry\geometry.cfg"))
("C:\Program Files\MiKTeX 2.9\tex/generic/babel\babel.sty"
Package: babel 2019/10/15 3.35 The Babel package

("C:\Program Files\MiKTeX 2.9\tex/generic/babel\switch.def"
File: switch.def 2019/10/15 3.35 Babel switching mechanism
)
*************************************
* Local config file bblopts.cfg used
*
("C:\Program Files\MiKTeX 2.9\tex/latex/arabi\bblopts.cfg"
File: bblopts.cfg 2005/09/08 v0.1 add Arabic and Farsi to "declared" options of
 babel
)
("C:\Program Files\MiKTeX 2.9\tex/latex/babel-slovak\slovak.ldf"
Language: slovak 2008/07/06 v3.1a Slovak support from the babel system

("C:\Program Files\MiKTeX 2.9\tex/generic/babel\babel.def"
File: babel.def 2019/10/15 3.35 Babel common definitions
\babel@savecnt=\count91
\U@D=\dimen111

("C:\Program Files\MiKTeX 2.9\tex/generic/babel\txtbabel.def")
\bbl@dirlevel=\count92
)
Package babel Info: Making ^ an active character on input line 123.
Package babel Info: Making " an active character on input line 126.
Package babel Info: Making ' an active character on input line 129.
\cs@wordlen=\count93
Package babel Info: Making - an active character on input line 294.
))
("C:\Program Files\MiKTeX 2.9\tex/latex/base\inputenc.sty"
Package: inputenc 2018/08/11 v1.3c Input encoding file
\inpenc@prehook=\toks16
\inpenc@posthook=\toks17

("C:\Program Files\MiKTeX 2.9\tex/latex/ucs\utf8x.def"
File: utf8x.def 2004/10/17 UCS: Input encoding UTF-8
))
("C:\Program Files\MiKTeX 2.9\tex/latex/ucs\ucs.sty"
Package: ucs 2013/05/11 v2.2 UCS: Unicode input support

("C:\Program Files\MiKTeX 2.9\tex/latex/ucs\uni-global.def"
File: uni-global.def 2013/05/13 UCS: Unicode global data
)
\uc@secondtry=\count94
\uc@combtoks=\toks18
\uc@combtoksb=\toks19
\uc@temptokena=\toks20
)
("C:\Program Files\MiKTeX 2.9\tex/latex/base\fontenc.sty"
Package: fontenc 2018/08/11 v2.0j Standard LaTeX package

("C:\Program Files\MiKTeX 2.9\tex/latex/base\t1enc.def"
File: t1enc.def 2018/08/11 v2.0j Standard LaTeX file
LaTeX Font Info:    Redeclaring font encoding T1 on input line 48.
))
("C:\Program Files\MiKTeX 2.9\tex/latex/caption\caption.sty"
Package: caption 2020/01/03 v3.4h Customizing captions (AR)

("C:\Program Files\MiKTeX 2.9\tex/latex/caption\caption3.sty"
Package: caption3 2020/01/03 v1.8h caption3 kernel (AR)
Package caption3 Info: TeX engine: e-TeX on input line 61.
\captionmargin=\dimen112
\captionmargin@=\dimen113
\captionwidth=\dimen114
\caption@tempdima=\dimen115
\caption@indent=\dimen116
\caption@parindent=\dimen117
\caption@hangindent=\dimen118
Package caption Info: Standard document class detected.
)
\c@caption@flags=\count95
\c@continuedfloat=\count96
)
("C:\Program Files\MiKTeX 2.9\tex/latex/wrapfig\wrapfig.sty"
\wrapoverhang=\dimen119
\WF@size=\dimen120
\c@WF@wrappedlines=\count97
\WF@box=\box27
\WF@everypar=\toks21
Package: wrapfig 2003/01/31  v 3.6
)
("C:\Program Files\MiKTeX 2.9\tex/latex/graphics\color.sty"
Package: color 2016/07/10 v1.1e Standard LaTeX Color (DPC)

("C:\Program Files\MiKTeX 2.9\tex/latex/graphics-cfg\color.cfg"
File: color.cfg 2016/01/02 v1.6 sample color configuration
)
Package color Info: Driver file: pdftex.def on input line 147.

("C:\Program Files\MiKTeX 2.9\tex/latex/graphics-def\pdftex.def"
File: pdftex.def 2018/01/08 v1.0l Graphics/color driver for pdftex
)
("C:\Program Files\MiKTeX 2.9\tex/latex/graphics\dvipsnam.def"
File: dvipsnam.def 2016/06/17 v3.0m Driver-dependent file (DPC,SPQR)
))
("C:\Program Files\MiKTeX 2.9\tex/latex/oberdiek\epstopdf.sty"
Package: epstopdf 2016/05/15 v2.6 Conversion with epstopdf on the fly (HO)

("C:\Program Files\MiKTeX 2.9\tex/latex/oberdiek\epstopdf-base.sty"
Package: epstopdf-base 2016/05/15 v2.6 Base part for package epstopdf

("C:\Program Files\MiKTeX 2.9\tex/generic/oberdiek\infwarerr.sty"
Package: infwarerr 2016/05/16 v1.4 Providing info/warning/error messages (HO)
)
("C:\Program Files\MiKTeX 2.9\tex/latex/oberdiek\grfext.sty"
Package: grfext 2016/05/16 v1.2 Manage graphics extensions (HO)

("C:\Program Files\MiKTeX 2.9\tex/generic/oberdiek\kvdefinekeys.sty"
Package: kvdefinekeys 2016/05/16 v1.4 Define keys (HO)

("C:\Program Files\MiKTeX 2.9\tex/generic/oberdiek\ltxcmds.sty"
Package: ltxcmds 2016/05/16 v1.23 LaTeX kernel commands for general use (HO)
)))
("C:\Program Files\MiKTeX 2.9\tex/latex/oberdiek\kvoptions.sty"
Package: kvoptions 2016/05/16 v3.12 Key value format for package options (HO)

("C:\Program Files\MiKTeX 2.9\tex/generic/oberdiek\kvsetkeys.sty"
Package: kvsetkeys 2016/05/16 v1.17 Key value parser (HO)

("C:\Program Files\MiKTeX 2.9\tex/generic/oberdiek\etexcmds.sty"
Package: etexcmds 2016/05/16 v1.6 Avoid name clashes with e-TeX commands (HO)

("C:\Program Files\MiKTeX 2.9\tex/generic/oberdiek\ifluatex.sty"
Package: ifluatex 2016/05/16 v1.4 Provides the ifluatex switch (HO)
Package ifluatex Info: LuaTeX not detected.
))))
("C:\Program Files\MiKTeX 2.9\tex/generic/oberdiek\pdftexcmds.sty"
Package: pdftexcmds 2019/07/25 v0.30 Utility functions of pdfTeX for LuaTeX (HO
)
Package pdftexcmds Info: LuaTeX not detected.
Package pdftexcmds Info: \pdf@primitive is available.
Package pdftexcmds Info: \pdf@ifprimitive is available.
Package pdftexcmds Info: \pdfdraftmode found.
)

Package epstopdf Warning: No graphics package `graphic{s,x}' loaded.

)) ("C:\Program Files\MiKTeX 2.9\tex/latex/float\float.sty"
Package: float 2001/11/08 v1.3d Float enhancements (AL)
\c@float@type=\count98
\float@exts=\toks22
\float@box=\box28
\@float@everytoks=\toks23
\@floatcapt=\box29
)
("C:\Program Files\MiKTeX 2.9\tex/latex/graphics\graphicx.sty"
Package: graphicx 2017/06/01 v1.1a Enhanced LaTeX Graphics (DPC,SPQR)

("C:\Program Files\MiKTeX 2.9\tex/latex/graphics\graphics.sty"
Package: graphics 2019/10/08 v1.3c Standard LaTeX Graphics (DPC,SPQR)

("C:\Program Files\MiKTeX 2.9\tex/latex/graphics\trig.sty"
Package: trig 2016/01/03 v1.10 sin cos tan (DPC)
)
("C:\Program Files\MiKTeX 2.9\tex/latex/graphics-cfg\graphics.cfg"
File: graphics.cfg 2016/06/04 v1.11 sample graphics configuration
)
Package graphics Info: Driver file: pdftex.def on input line 105.
)
\Gin@req@height=\dimen121
\Gin@req@width=\dimen122
)
("C:\Program Files\MiKTeX 2.9\tex/latex/subfig\subfig.sty"
Package: subfig 2005/06/28 ver: 1.3 subfig package
\c@KVtest=\count99
\sf@farskip=\skip43
\sf@captopadj=\dimen123
\sf@capskip=\skip44
\sf@nearskip=\skip45
\c@subfigure=\count100
\c@subfigure@save=\count101
\c@lofdepth=\count102
\c@subtable=\count103
\c@subtable@save=\count104
\c@lotdepth=\count105
\sf@top=\skip46
\sf@bottom=\skip47
)
("C:\Program Files\MiKTeX 2.9\tex/latex/colortbl\colortbl.sty"
Package: colortbl 2018/12/12 v1.0d Color table columns (DPC)

("C:\Program Files\MiKTeX 2.9\tex/latex/tools\array.sty"
Package: array 2019/08/31 v2.4l Tabular extension package (FMi)
\col@sep=\dimen124
\ar@mcellbox=\box30
\extrarowheight=\dimen125
\NC@list=\toks24
\extratabsurround=\skip48
\backup@length=\skip49
\ar@cellbox=\box31
)
\everycr=\toks25
\minrowclearance=\skip50
)
("C:\Program Files\MiKTeX 2.9\tex/latex/graphics\rotating.sty"
Package: rotating 2016/08/11 v2.16d rotated objects in LaTeX

("C:\Program Files\MiKTeX 2.9\tex/latex/base\ifthen.sty"
Package: ifthen 2014/09/29 v1.1c Standard LaTeX ifthen package (DPC)
)
\c@r@tfl@t=\count106
\rotFPtop=\skip51
\rotFPbot=\skip52
\rot@float@box=\box32
\rot@mess@toks=\toks26
)
("C:\Program Files\MiKTeX 2.9\tex/latex/tools\indentfirst.sty"
Package: indentfirst 1995/11/23 v1.03 Indent first paragraph (DPC)
)
("C:\Program Files\MiKTeX 2.9\tex/latex/amsfonts\amsfonts.sty"
Package: amsfonts 2013/01/14 v3.01 Basic AMSFonts support
\@emptytoks=\toks27
\symAMSa=\mathgroup4
\symAMSb=\mathgroup5
LaTeX Font Info:    Redeclaring math symbol \hbar on input line 98.
LaTeX Font Info:    Overwriting math alphabet `\mathfrak' in version `bold'
(Font)                  U/euf/m/n --> U/euf/b/n on input line 106.
)
("C:\Program Files\MiKTeX 2.9\tex/latex/amsmath\amsmath.sty"
Package: amsmath 2019/04/01 v2.17c AMS math features
\@mathmargin=\skip53

For additional information on amsmath, use the `?' option.
("C:\Program Files\MiKTeX 2.9\tex/latex/amsmath\amstext.sty"
Package: amstext 2000/06/29 v2.01 AMS text

("C:\Program Files\MiKTeX 2.9\tex/latex/amsmath\amsgen.sty"
File: amsgen.sty 1999/11/30 v2.0 generic functions
\@emptytoks=\toks28
\ex@=\dimen126
))
("C:\Program Files\MiKTeX 2.9\tex/latex/amsmath\amsbsy.sty"
Package: amsbsy 1999/11/29 v1.2d Bold Symbols
\pmbraise@=\dimen127
)
("C:\Program Files\MiKTeX 2.9\tex/latex/amsmath\amsopn.sty"
Package: amsopn 2016/03/08 v2.02 operator names
)
\inf@bad=\count107
LaTeX Info: Redefining \frac on input line 227.
\uproot@=\count108
\leftroot@=\count109
LaTeX Info: Redefining \overline on input line 389.
\classnum@=\count110
\DOTSCASE@=\count111
LaTeX Info: Redefining \ldots on input line 486.
LaTeX Info: Redefining \dots on input line 489.
LaTeX Info: Redefining \cdots on input line 610.
\Mathstrutbox@=\box33
\strutbox@=\box34
\big@size=\dimen128
LaTeX Font Info:    Redeclaring font encoding OML on input line 733.
LaTeX Font Info:    Redeclaring font encoding OMS on input line 734.
\macc@depth=\count112
\c@MaxMatrixCols=\count113
\dotsspace@=\muskip10
\c@parentequation=\count114
\dspbrk@lvl=\count115
\tag@help=\toks29
\row@=\count116
\column@=\count117
\maxfields@=\count118
\andhelp@=\toks30
\eqnshift@=\dimen129
\alignsep@=\dimen130
\tagshift@=\dimen131
\tagwidth@=\dimen132
\totwidth@=\dimen133
\lineht@=\dimen134
\@envbody=\toks31
\multlinegap=\skip54
\multlinetaggap=\skip55
\mathdisplay@stack=\toks32
LaTeX Info: Redefining \[ on input line 2855.
LaTeX Info: Redefining \] on input line 2856.
)
("C:\Program Files\MiKTeX 2.9\tex/latex/amsfonts\amssymb.sty"
Package: amssymb 2013/01/14 v3.01 AMS font symbols
)
("C:\Program Files\MiKTeX 2.9\tex/latex/tools\verbatim.sty"
Package: verbatim 2014/10/28 v1.5q LaTeX2e package for verbatim enhancements
\every@verbatim=\toks33
\verbatim@line=\toks34
\verbatim@in@stream=\read1
)
("C:\Program Files\MiKTeX 2.9\tex/latex/eurosym\eurosym.sty"
Package: eurosym 1998/08/06 v1.1 European currency symbol ``Euro''
\@eurobox=\box35
)
("C:\Program Files\MiKTeX 2.9\tex/latex/url\url.sty"
\Urlmuskip=\muskip11
Package: url 2013/09/16  ver 3.4  Verb mode for urls, etc.
)
("C:\Program Files\MiKTeX 2.9\tex/latex/algorithm2e\algorithm2e.sty"
Package: algorithm2e 2017/07/18 v5.2 algorithms environments
\c@AlgoLine=\count119
\algocf@hangindent=\skip56

("C:\Program Files\MiKTeX 2.9\tex/latex/ifoddpage\ifoddpage.sty"
Package: ifoddpage 2016/04/23 v1.1 Conditionals for odd/even page detection
\c@checkoddpage=\count120
)
("C:\Program Files\MiKTeX 2.9\tex/latex/tools\xspace.sty"
Package: xspace 2014/10/28 v1.13 Space after command names (DPC,MH)
)
("C:\Program Files\MiKTeX 2.9\tex/latex/relsize\relsize.sty"
Package: relsize 2013/03/29 ver 4.1
)
\skiptotal=\skip57
\skiplinenumber=\skip58
\skiprule=\skip59
\skiphlne=\skip60
\skiptext=\skip61
\skiplength=\skip62
\algomargin=\skip63
\skipalgocfslide=\skip64
\algowidth=\dimen135
\inoutsize=\dimen136
\inoutindent=\dimen137
\interspacetitleruled=\dimen138
\interspacealgoruled=\dimen139
\interspacetitleboxruled=\dimen140
\algocf@ruledwidth=\skip65
\algocf@inoutbox=\box36
\algocf@inputbox=\box37
\AlCapSkip=\skip66
\AlCapHSkip=\skip67
\algoskipindent=\skip68
\algocf@nlbox=\box38
\algocf@hangingbox=\box39
\algocf@untilbox=\box40
\algocf@skipuntil=\skip69
\algocf@capbox=\box41
\algocf@lcaptionbox=\skip70
\algoheightruledefault=\skip71
\algoheightrule=\skip72
\algotitleheightruledefault=\skip73
\algotitleheightrule=\skip74
\c@algocfline=\count121
\c@algocfproc=\count122
\c@algocf=\count123
\algocf@algoframe=\box42
\algocf@algobox=\box43
)
\myboxA=\box44
\myboxB=\box45
\mylenA=\skip75

("C:\Program Files\MiKTeX 2.9\tex/latex/verse\verse.sty"
Package: verse 2009/09/04 v2.4a verse typesetting
\c@vslineno=\count124
\c@poemline=\count125
\c@fvsline=\count126
\c@modulo@vs=\count127
\c@verse@envctr=\count128
\versewidth=\skip76
\vgap=\skip77
\vindent=\skip78
\stanzaskip=\skip79
\vleftskip=\skip80
\vrightskip=\skip81
\c@chrsinstr=\count129
\beforepoemtitleskip=\skip82
\afterpoemtitleskip=\skip83
)
("C:\Program Files\MiKTeX 2.9\tex/latex/hyperref\hyperref.sty"
Package: hyperref 2019/09/28 v7.00a Hypertext links for LaTeX

("C:\Program Files\MiKTeX 2.9\tex/generic/oberdiek\hobsub-hyperref.sty"
Package: hobsub-hyperref 2016/05/16 v1.14 Bundle oberdiek, subset hyperref (HO)


("C:\Program Files\MiKTeX 2.9\tex/generic/oberdiek\hobsub-generic.sty"
Package: hobsub-generic 2016/05/16 v1.14 Bundle oberdiek, subset generic (HO)
Package: hobsub 2016/05/16 v1.14 Construct package bundles (HO)
Package hobsub Info: Skipping package `infwarerr' (already loaded).
Package hobsub Info: Skipping package `ltxcmds' (already loaded).
Package hobsub Info: Skipping package `ifluatex' (already loaded).
Package hobsub Info: Skipping package `ifvtex' (already loaded).
Package: intcalc 2016/05/16 v1.2 Expandable calculations with integers (HO)
Package hobsub Info: Skipping package `ifpdf' (already loaded).
Package hobsub Info: Skipping package `etexcmds' (already loaded).
Package hobsub Info: Skipping package `kvsetkeys' (already loaded).
Package hobsub Info: Skipping package `kvdefinekeys' (already loaded).
Package hobsub Info: Skipping package `pdftexcmds' (already loaded).
Package: pdfescape 2016/05/16 v1.14 Implements pdfTeX's escape features (HO)
Package: bigintcalc 2016/05/16 v1.4 Expandable calculations on big integers (HO
)
Package: bitset 2016/05/16 v1.2 Handle bit-vector datatype (HO)
Package: uniquecounter 2016/05/16 v1.3 Provide unlimited unique counter (HO)
)
Package hobsub Info: Skipping package `hobsub' (already loaded).
Package: letltxmacro 2016/05/16 v1.5 Let assignment for LaTeX macros (HO)
Package: hopatch 2016/05/16 v1.3 Wrapper for package hooks (HO)
Package: xcolor-patch 2016/05/16 xcolor patch
Package: atveryend 2016/05/16 v1.9 Hooks at the very end of document (HO)
Package atveryend Info: \enddocument detected (standard20110627).
Package: atbegshi 2016/06/09 v1.18 At begin shipout hook (HO)
Package: refcount 2016/05/16 v3.5 Data extraction from label references (HO)
Package: hycolor 2016/05/16 v1.8 Color options for hyperref/bookmark (HO)
)
("C:\Program Files\MiKTeX 2.9\tex/latex/oberdiek\auxhook.sty"
Package: auxhook 2016/05/16 v1.4 Hooks for auxiliary files (HO)
)
\@linkdim=\dimen141
\Hy@linkcounter=\count130
\Hy@pagecounter=\count131

("C:\Program Files\MiKTeX 2.9\tex/latex/hyperref\pd1enc.def"
File: pd1enc.def 2019/09/28 v7.00a Hyperref: PDFDocEncoding definition (HO)
)
\Hy@SavedSpaceFactor=\count132

("C:\Program Files\MiKTeX 2.9\tex/latex/00miktex\hyperref.cfg"
File: hyperref.cfg 2002/06/06 v1.2 hyperref configuration of TeXLive
)
Package hyperref Info: Hyper figures OFF on input line 4540.
Package hyperref Info: Link nesting OFF on input line 4545.
Package hyperref Info: Hyper index ON on input line 4548.
Package hyperref Info: Plain pages OFF on input line 4555.
Package hyperref Info: Backreferencing OFF on input line 4560.
Package hyperref Info: Implicit mode ON; LaTeX internals redefined.
Package hyperref Info: Bookmarks ON on input line 4793.
\c@Hy@tempcnt=\count133
LaTeX Info: Redefining \url on input line 5152.
\XeTeXLinkMargin=\dimen142
\Fld@menulength=\count134
\Field@Width=\dimen143
\Fld@charsize=\dimen144
Package hyperref Info: Hyper figures OFF on input line 6423.
Package hyperref Info: Link nesting OFF on input line 6428.
Package hyperref Info: Hyper index ON on input line 6431.
Package hyperref Info: backreferencing OFF on input line 6438.
Package hyperref Info: Link coloring OFF on input line 6443.
Package hyperref Info: Link coloring with OCG OFF on input line 6448.
Package hyperref Info: PDF/A mode OFF on input line 6453.
LaTeX Info: Redefining \ref on input line 6493.
LaTeX Info: Redefining \pageref on input line 6497.
\Hy@abspage=\count135
\c@Item=\count136
\c@Hfootnote=\count137
)
Package hyperref Info: Driver (autodetected): hpdftex.

("C:\Program Files\MiKTeX 2.9\tex/latex/hyperref\hpdftex.def"
File: hpdftex.def 2019/09/28 v7.00a Hyperref driver for pdfTeX
\Fld@listcount=\count138
\c@bookmark@seq@number=\count139

("C:\Program Files\MiKTeX 2.9\tex/latex/oberdiek\rerunfilecheck.sty"
Package: rerunfilecheck 2016/05/16 v1.8 Rerun checks for auxiliary files (HO)
Package uniquecounter Info: New unique counter `rerunfilecheck' on input line 2
82.
)
\Hy@SectionHShift=\skip84
)
Package hyperref Info: Option `colorlinks' set `true' on input line 93.


Package hyperref Warning: Option `pdftex' has already been used,
(hyperref)                setting the option has no effect on input line 93.

(dip_sk.aux

LaTeX Warning: Label `fig:otsu_res' multiply defined.


LaTeX Warning: Label `fig:kapur_res' multiply defined.


LaTeX Warning: Label `fig:niblack_res' multiply defined.


LaTeX Warning: Label `fig:bernsen_res' multiply defined.


LaTeX Warning: Label `fig:bernsen_res' multiply defined.


LaTeX Warning: Label `fig:bernsen_res' multiply defined.


LaTeX Warning: Label `fig:bernsen_res' multiply defined.


LaTeX Warning: Label `fig:bernsen_res' multiply defined.


LaTeX Warning: Label `fig:bernsen_res' multiply defined.


LaTeX Warning: Label `fig:bernsen_res' multiply defined.


LaTeX Warning: Label `fig:bernsen_res' multiply defined.


LaTeX Warning: Label `fig:bernsen_res' multiply defined.


LaTeX Warning: Label `fig:bernsen_res' multiply defined.

)
\openout1 = `dip_sk.aux'.

LaTeX Font Info:    Checking defaults for OML/cmm/m/it on input line 97.
LaTeX Font Info:    ... okay on input line 97.
LaTeX Font Info:    Checking defaults for T1/cmr/m/n on input line 97.
LaTeX Font Info:    ... okay on input line 97.
LaTeX Font Info:    Checking defaults for OT1/cmr/m/n on input line 97.
LaTeX Font Info:    ... okay on input line 97.
LaTeX Font Info:    Checking defaults for OMS/cmsy/m/n on input line 97.
LaTeX Font Info:    ... okay on input line 97.
LaTeX Font Info:    Checking defaults for OMX/cmex/m/n on input line 97.
LaTeX Font Info:    ... okay on input line 97.
LaTeX Font Info:    Checking defaults for U/cmr/m/n on input line 97.
LaTeX Font Info:    ... okay on input line 97.
LaTeX Font Info:    Checking defaults for PD1/pdf/m/n on input line 97.
LaTeX Font Info:    ... okay on input line 97.

*geometry* driver: auto-detecting
*geometry* detected driver: pdftex
*geometry* verbose mode - [ preamble ] result:
* driver: pdftex
* paper: a4paper
* layout: <same size as paper>
* layoutoffset:(h,v)=(0.0pt,0.0pt)
* modes: 
* h-part:(L,W,R)=(99.58464pt, 441.01773pt, 56.9055pt)
* v-part:(T,H,B)=(71.13188pt, 702.78308pt, 71.13188pt)
* \paperwidth=597.50787pt
* \paperheight=845.04684pt
* \textwidth=441.01773pt
* \textheight=702.78308pt
* \oddsidemargin=27.31465pt
* \evensidemargin=27.31465pt
* \topmargin=-38.1381pt
* \headheight=12.0pt
* \headsep=25.0pt
* \topskip=11.0pt
* \footskip=30.0pt
* \marginparwidth=50.0pt
* \marginparsep=10.0pt
* \columnsep=10.0pt
* \skip\footins=10.0pt plus 4.0pt minus 2.0pt
* \hoffset=0.0pt
* \voffset=0.0pt
* \mag=1000
* \@twocolumnfalse
* \@twosidefalse
* \@mparswitchfalse
* \@reversemarginfalse
* (1in=72.27pt=25.4mm, 1cm=28.453pt)

("C:\Program Files\MiKTeX 2.9\tex/latex/ucs\ucsencs.def"
File: ucsencs.def 2011/01/21 Fixes to fontencodings LGR, T3
)
Package caption Info: Begin \AtBeginDocument code.
Package caption Info: subfig package v1.3 is loaded.
Package caption Info: float package is loaded.
Package caption Info: hyperref package is loaded.
Package caption Info: rotating package is loaded.
Package caption Info: wrapfig package is loaded.
Package caption Info: End \AtBeginDocument code.

("C:\Program Files\MiKTeX 2.9\tex/context/base/mkii\supp-pdf.mkii"
[Loading MPS to PDF converter (version 2006.09.02).]
\scratchcounter=\count140
\scratchdimen=\dimen145
\scratchbox=\box46
\nofMPsegments=\count141
\nofMParguments=\count142
\everyMPshowfont=\toks35
\MPscratchCnt=\count143
\MPscratchDim=\dimen146
\MPnumerator=\count144
\makeMPintoPDFobject=\count145
\everyMPtoPDFconversion=\toks36
)
\AtBeginShipoutBox=\box47
Package hyperref Info: Link coloring ON on input line 97.
 ("C:\Program Files\MiKTeX 2.9\tex/latex/hyperref\nameref.sty"
Package: nameref 2019/09/16 v2.46 Cross-referencing by name of section

("C:\Program Files\MiKTeX 2.9\tex/generic/oberdiek\gettitlestring.sty"
Package: gettitlestring 2016/05/16 v1.5 Cleanup title references (HO)
)
\c@section@level=\count146
)
LaTeX Info: Redefining \ref on input line 97.
LaTeX Info: Redefining \pageref on input line 97.
LaTeX Info: Redefining \nameref on input line 97.

(dip_sk.out) (dip_sk.out)
\@outlinefile=\write3
\openout3 = `dip_sk.out'.

 ("C:\Program Files\MiKTeX 2.9\tex/latex/ucs\uni-0.def"
File: uni-0.def 2013/05/13 UCS: Unicode data U+0000..U+00FF
) ("C:\Program Files\MiKTeX 2.9\tex/latex/ucs\uni-1.def"
File: uni-1.def 2013/05/13 UCS: Unicode data U+0100..U+01FF
)
LaTeX Font Info:    Trying to load font information for U+msa on input line 117
.

("C:\Program Files\MiKTeX 2.9\tex/latex/amsfonts\umsa.fd"
File: umsa.fd 2013/01/14 v3.01 AMS symbols A
)
LaTeX Font Info:    Trying to load font information for U+msb on input line 117
.

("C:\Program Files\MiKTeX 2.9\tex/latex/amsfonts\umsb.fd"
File: umsb.fd 2013/01/14 v3.01 AMS symbols B
)
Overfull \hbox (40.99998pt too wide) in paragraph at lines 117--123
[][] 
 []

[1

{C:/Users/maria/AppData/Local/MiKTeX/2.9/pdftex/config/pdftex.map}]
(dip_sk.toc)
\tf@toc=\write4
\openout4 = `dip_sk.toc'.

 [2] [3] [4] [5]
("C:\Program Files\MiKTeX 2.9\tex/latex/ucs\uni-34.def"
File: uni-34.def 2013/05/13 UCS: Unicode data U+2200..U+22FF
) [6] [7] [8]
Overfull \hbox (35.33513pt too wide) in paragraph at lines 443--444
[]\T1/cmr/m/n/10.95 Pri vy-tvá-raní nu-me-ric-kej schémy sme pre £a-sovú dis-kr
e-ti-zá-ciu po-u-ºili im-pli-citnú a semi$\OMS/cmsy/m/n/10.95  $\T1/cmr/m/n/10.
95 implicitnú
 []



pdfTeX warning: pdflatex (file ./pics/hrany1.pdf): PDF inclusion: found PDF ver
sion <1.7>, but at most version <1.5> allowed
<pics/hrany1.pdf, id=188, 378.91562pt x 378.91562pt>
File: pics/hrany1.pdf Graphic file (type pdf)
<use pics/hrany1.pdf>
Package pdftex.def Info: pics/hrany1.pdf  used on input line 464.
(pdftex.def)             Requested size: 151.56355pt x 151.56355pt.
[9 <./pics/hrany1.pdf>] [10] [11]
LaTeX Font Info:    Trying to load font information for OMS+cmr on input line 6
08.

("C:\Program Files\MiKTeX 2.9\tex/latex/base\omscmr.fd"
File: omscmr.fd 2014/09/29 v2.5h Standard LaTeX font definitions
)
LaTeX Font Info:    Font shape `OMS/cmr/m/n' in size <10.95> not available
(Font)              Font shape `OMS/cmsy/m/n' tried instead on input line 608.
 [12] [13]
Overfull \hbox (24.51398pt too wide) in paragraph at lines 683--684
[]\T1/cmr/m/n/10.95 Projekt je roz-de-lený do via-ce-rých sú-bo-rov(tried) do-d
r-ºia-va-jú-cej zá-sady objektovo-orientovaného
 []


Package hyperref Warning: Composite letter `\textasciicaron+l'
(hyperref)                not defined in PD1 encoding,
(hyperref)                removing `\textasciicaron' on input line 695.

<pics/ui1.jpg, id=255, 657.95813pt x 544.28343pt>
File: pics/ui1.jpg Graphic file (type jpg)
<use pics/ui1.jpg>
Package pdftex.def Info: pics/ui1.jpg  used on input line 703.
(pdftex.def)             Requested size: 328.97826pt x 272.14105pt.

LaTeX Warning: `!h' float specifier changed to `!ht'.

[14]
LaTeX Font Info:    Trying to load font information for T1+cmtt on input line 7
13.
 ("C:\Program Files\MiKTeX 2.9\tex/latex/base\t1cmtt.fd"
File: t1cmtt.fd 2014/09/29 v2.5h Standard LaTeX font definitions
)
<pics/uidata.jpg, id=264, 280.04625pt x 212.29312pt>
File: pics/uidata.jpg Graphic file (type jpg)
<use pics/uidata.jpg>
Package pdftex.def Info: pics/uidata.jpg  used on input line 727.
(pdftex.def)             Requested size: 182.0279pt x 137.98889pt.
<pics/uithr.jpg, id=265, 282.30469pt x 285.31593pt>
File: pics/uithr.jpg Graphic file (type jpg)
<use pics/uithr.jpg>
Package pdftex.def Info: pics/uithr.jpg  used on input line 729.
(pdftex.def)             Requested size: 155.26805pt x 156.92424pt.
 [15 <./pics/ui1.jpg>]
<pics/ui2Dopt.jpg, id=274, 281.55188pt x 279.29344pt>
File: pics/ui2Dopt.jpg Graphic file (type jpg)
<use pics/ui2Dopt.jpg>
Package pdftex.def Info: pics/ui2Dopt.jpg  used on input line 742.
(pdftex.def)             Requested size: 183.00655pt x 181.53857pt.
<pics/ui3Dfilt.jpg, id=275, 279.29344pt x 276.28218pt>
File: pics/ui3Dfilt.jpg Graphic file (type jpg)
<use pics/ui3Dfilt.jpg>
Package pdftex.def Info: pics/ui3Dfilt.jpg  used on input line 744.
(pdftex.def)             Requested size: 181.53857pt x 179.58128pt.
<pics/ui3Dopt.jpg, id=277, 281.55188pt x 277.035pt>
File: pics/ui3Dopt.jpg Graphic file (type jpg)
<use pics/ui3Dopt.jpg>
Package pdftex.def Info: pics/ui3Dopt.jpg  used on input line 753.
(pdftex.def)             Requested size: 183.00655pt x 180.0706pt.
<pics/uihist.jpg, id=278, 284.56313pt x 275.52937pt>
File: pics/uihist.jpg Graphic file (type jpg)
<use pics/uihist.jpg>
Package pdftex.def Info: pics/uihist.jpg  used on input line 755.
(pdftex.def)             Requested size: 184.96384pt x 179.09195pt.
 [16 <./pics/uidata.jpg> <./pics/uithr.jpg> <./pics/ui2Dopt.jpg> <./pics/ui3Dfi
lt.jpg>]
<pics/subsurf.jpg, id=293, 657.95813pt x 544.28343pt>
File: pics/subsurf.jpg Graphic file (type jpg)
<use pics/subsurf.jpg>
Package pdftex.def Info: pics/subsurf.jpg  used on input line 766.
(pdftex.def)             Requested size: 197.38896pt x 163.28629pt.
<pics/result.jpg, id=294, 657.95813pt x 544.28343pt>
File: pics/result.jpg Graphic file (type jpg)
<use pics/result.jpg>
Package pdftex.def Info: pics/result.jpg  used on input line 768.
(pdftex.def)             Requested size: 197.38896pt x 163.28629pt.
 [17 <./pics/ui3Dopt.jpg> <./pics/uihist.jpg> <./pics/subsurf.jpg> <./pics/resu
lt.jpg>]
<pics/uinb.jpg, id=307, 657.95813pt x 544.28343pt>
File: pics/uinb.jpg Graphic file (type jpg)
<use pics/uinb.jpg>
Package pdftex.def Info: pics/uinb.jpg  used on input line 789.
(pdftex.def)             Requested size: 328.97826pt x 272.14105pt.
<pics/sdf.jpg, id=311, 657.95813pt x 544.28343pt>
File: pics/sdf.jpg Graphic file (type jpg)
<use pics/sdf.jpg>
Package pdftex.def Info: pics/sdf.jpg  used on input line 800.
(pdftex.def)             Requested size: 197.38896pt x 163.28629pt.

Underfull \hbox (badness 1077) in paragraph at lines 800--800
[]\T1/cmr/m/n/9 (a) |Gra-fické ro-z-hra-nie prog-ramu zo-bra-
 []

<pics/tf.jpg, id=312, 657.95813pt x 544.28343pt>
File: pics/tf.jpg Graphic file (type jpg)
<use pics/tf.jpg>
Package pdftex.def Info: pics/tf.jpg  used on input line 802.
(pdftex.def)             Requested size: 197.38896pt x 163.28629pt.
[18 <./pics/uinb.jpg>]
<pics/res_sdf.jpg, id=320, 657.95813pt x 544.28343pt>
File: pics/res_sdf.jpg Graphic file (type jpg)
<use pics/res_sdf.jpg>
Package pdftex.def Info: pics/res_sdf.jpg  used on input line 812.
(pdftex.def)             Requested size: 197.38896pt x 163.28629pt.

Underfull \hbox (badness 1178) in paragraph at lines 812--812
\T1/cmr/m/n/9 ta£-nej fun-kcie pri po-u-ºití zna-mien-ko-vej
 []

<pics/res_tf.jpg, id=321, 657.95813pt x 544.28343pt>
File: pics/res_tf.jpg Graphic file (type jpg)
<use pics/res_tf.jpg>
Package pdftex.def Info: pics/res_tf.jpg  used on input line 814.
(pdftex.def)             Requested size: 197.38896pt x 163.28629pt.
<pics/res_cut_sdf.jpg, id=325, 657.95813pt x 544.28343pt>
File: pics/res_cut_sdf.jpg Graphic file (type jpg)
<use pics/res_cut_sdf.jpg>
Package pdftex.def Info: pics/res_cut_sdf.jpg  used on input line 824.
(pdftex.def)             Requested size: 328.97826pt x 272.14105pt.
[19 <./pics/sdf.jpg> <./pics/tf.jpg> <./pics/res_sdf.jpg> <./pics/res_tf.jpg>]
<pics/res_iso_3sdf.jpg, id=339, 657.95813pt x 544.28343pt>
File: pics/res_iso_3sdf.jpg Graphic file (type jpg)
<use pics/res_iso_3sdf.jpg>
Package pdftex.def Info: pics/res_iso_3sdf.jpg  used on input line 834.
(pdftex.def)             Requested size: 197.38896pt x 163.28629pt.

Underfull \hbox (badness 1178) in paragraph at lines 834--834
\T1/cmr/m/n/9 ta£-nej fun-kcie pri po-u-ºití zna-mien-ko-vej
 []

<pics/res_iso_3tf.jpg, id=340, 657.95813pt x 544.28343pt>
File: pics/res_iso_3tf.jpg Graphic file (type jpg)
<use pics/res_iso_3tf.jpg>
Package pdftex.def Info: pics/res_iso_3tf.jpg  used on input line 836.
(pdftex.def)             Requested size: 197.38896pt x 163.28629pt.
<pics/res_iso_sdf.jpg, id=342, 657.95813pt x 544.28343pt>
File: pics/res_iso_sdf.jpg Graphic file (type jpg)
<use pics/res_iso_sdf.jpg>
Package pdftex.def Info: pics/res_iso_sdf.jpg  used on input line 845.
(pdftex.def)             Requested size: 197.38896pt x 163.28629pt.
<pics/res_iso_tf.jpg, id=343, 657.95813pt x 544.28343pt>
File: pics/res_iso_tf.jpg Graphic file (type jpg)
<use pics/res_iso_tf.jpg>
Package pdftex.def Info: pics/res_iso_tf.jpg  used on input line 847.
(pdftex.def)             Requested size: 197.38896pt x 163.28629pt.
[20 <./pics/res_cut_sdf.jpg> <./pics/res_iso_3sdf.jpg> <./pics/res_iso_3tf.jpg>
] [21 <./pics/res_iso_sdf.jpg> <./pics/res_iso_tf.jpg>]
<pics/cropT2.png, id=365, 60.225pt x 60.225pt>
File: pics/cropT2.png Graphic file (type png)
<use pics/cropT2.png>
Package pdftex.def Info: pics/cropT2.png  used on input line 860.
(pdftex.def)             Requested size: 102.98486pt x 102.98486pt.
<pics/cropT7.png, id=366, 60.225pt x 60.225pt>
File: pics/cropT7.png Graphic file (type png)
<use pics/cropT7.png>
Package pdftex.def Info: pics/cropT7.png  used on input line 863.
(pdftex.def)             Requested size: 102.98486pt x 102.98486pt.
<pics/cropT27.png, id=367, 60.225pt x 60.225pt>
File: pics/cropT27.png Graphic file (type png)
<use pics/cropT27.png>
Package pdftex.def Info: pics/cropT27.png  used on input line 866.
(pdftex.def)             Requested size: 102.98486pt x 102.98486pt.
<pics/cropT45.png, id=368, 60.225pt x 60.225pt>
File: pics/cropT45.png Graphic file (type png)
<use pics/cropT45.png>
Package pdftex.def Info: pics/cropT45.png  used on input line 869.
(pdftex.def)             Requested size: 102.98486pt x 102.98486pt.
<pics/cropT2_otsu.png, id=372, 493.845pt x 493.845pt>
File: pics/cropT2_otsu.png Graphic file (type png)
<use pics/cropT2_otsu.png>
Package pdftex.def Info: pics/cropT2_otsu.png  used on input line 883.
(pdftex.def)             Requested size: 103.7105pt x 103.7105pt.
<pics/cropT7_otsu.png, id=374, 493.0922pt x 494.59781pt>
File: pics/cropT7_otsu.png Graphic file (type png)
<use pics/cropT7_otsu.png>
Package pdftex.def Info: pics/cropT7_otsu.png  used on input line 886.
(pdftex.def)             Requested size: 103.55241pt x 103.86859pt.
<pics/cropT27_otsu.png, id=375, 496.85625pt x 496.85625pt>
File: pics/cropT27_otsu.png Graphic file (type png)
<use pics/cropT27_otsu.png>
Package pdftex.def Info: pics/cropT27_otsu.png  used on input line 889.
(pdftex.def)             Requested size: 104.34288pt x 104.34288pt.
<pics/cropT45_otsu.png, id=376, 492.33937pt x 492.33937pt>
File: pics/cropT45_otsu.png Graphic file (type png)
<use pics/cropT45_otsu.png>
Package pdftex.def Info: pics/cropT45_otsu.png  used on input line 892.
(pdftex.def)             Requested size: 103.3943pt x 103.3943pt.
<pics/cropT2_otsu_sdf.png, id=380, 499.11469pt x 499.11469pt>
File: pics/cropT2_otsu_sdf.png Graphic file (type png)
<use pics/cropT2_otsu_sdf.png>
Package pdftex.def Info: pics/cropT2_otsu_sdf.png  used on input line 903.
(pdftex.def)             Requested size: 104.81717pt x 104.81717pt.
<pics/cropT7_otsu_sdf.png, id=381, 493.845pt x 493.845pt>
File: pics/cropT7_otsu_sdf.png Graphic file (type png)
<use pics/cropT7_otsu_sdf.png>
Package pdftex.def Info: pics/cropT7_otsu_sdf.png  used on input line 906.
(pdftex.def)             Requested size: 103.7105pt x 103.7105pt.
<pics/cropT27_otsu_sdf.png, id=382, 496.85625pt x 496.85625pt>
File: pics/cropT27_otsu_sdf.png Graphic file (type png)
<use pics/cropT27_otsu_sdf.png>
Package pdftex.def Info: pics/cropT27_otsu_sdf.png  used on input line 909.
(pdftex.def)             Requested size: 104.34288pt x 104.34288pt.
<pics/cropT45_otsu_sdf.png, id=383, 491.58656pt x 492.33937pt>
File: pics/cropT45_otsu_sdf.png Graphic file (type png)
<use pics/cropT45_otsu_sdf.png>
Package pdftex.def Info: pics/cropT45_otsu_sdf.png  used on input line 912.
(pdftex.def)             Requested size: 103.23622pt x 103.3943pt.
 [22 <./pics/cropT2.png> <./pics/cropT7.png> <./pics/cropT27.png> <./pics/cropT
45.png> <./pics/cropT2_otsu.png> <./pics/cropT7_otsu.png> <./pics/cropT27_otsu.
png> <./pics/cropT45_otsu.png>]
<pics/cropT2_otsu_tf.png, id=407, 500.62032pt x 499.11469pt>
File: pics/cropT2_otsu_tf.png Graphic file (type png)
<use pics/cropT2_otsu_tf.png>
Package pdftex.def Info: pics/cropT2_otsu_tf.png  used on input line 921.
(pdftex.def)             Requested size: 105.13336pt x 104.81717pt.
<pics/cropT7_otsu_tf.png, id=408, 499.11469pt x 499.11469pt>
File: pics/cropT7_otsu_tf.png Graphic file (type png)
<use pics/cropT7_otsu_tf.png>
Package pdftex.def Info: pics/cropT7_otsu_tf.png  used on input line 924.
(pdftex.def)             Requested size: 104.81717pt x 104.81717pt.
<pics/cropT27_otsu_tf.png, id=409, 496.10344pt x 495.35063pt>
File: pics/cropT27_otsu_tf.png Graphic file (type png)
<use pics/cropT27_otsu_tf.png>
Package pdftex.def Info: pics/cropT27_otsu_tf.png  used on input line 927.
(pdftex.def)             Requested size: 104.18478pt x 104.0267pt.
<pics/cropT45_otsu_tf.png, id=410, 500.62032pt x 499.8675pt>
File: pics/cropT45_otsu_tf.png Graphic file (type png)
<use pics/cropT45_otsu_tf.png>
Package pdftex.def Info: pics/cropT45_otsu_tf.png  used on input line 930.
(pdftex.def)             Requested size: 105.13336pt x 104.97527pt.

Underfull \hbox (badness 10000) in paragraph at lines 921--931
[][]  [][]  [][]
 []

<pics/cropT2_kapur.png, id=414, 493.0922pt x 493.0922pt>
File: pics/cropT2_kapur.png Graphic file (type png)
<use pics/cropT2_kapur.png>
Package pdftex.def Info: pics/cropT2_kapur.png  used on input line 939.
(pdftex.def)             Requested size: 103.55241pt x 103.55241pt.
<pics/cropT7_kapur.png, id=415, 493.0922pt x 493.845pt>
File: pics/cropT7_kapur.png Graphic file (type png)
<use pics/cropT7_kapur.png>
Package pdftex.def Info: pics/cropT7_kapur.png  used on input line 942.
(pdftex.def)             Requested size: 103.55241pt x 103.7105pt.
<pics/cropT27_kapur.png, id=416, 491.58656pt x 491.58656pt>
File: pics/cropT27_kapur.png Graphic file (type png)
<use pics/cropT27_kapur.png>
Package pdftex.def Info: pics/cropT27_kapur.png  used on input line 945.
(pdftex.def)             Requested size: 103.23622pt x 103.23622pt.
<pics/cropT45_kapur.png, id=417, 494.59781pt x 495.35063pt>
File: pics/cropT45_kapur.png Graphic file (type png)
<use pics/cropT45_kapur.png>
Package pdftex.def Info: pics/cropT45_kapur.png  used on input line 948.
(pdftex.def)             Requested size: 103.86859pt x 104.0267pt.
[23 <./pics/cropT2_otsu_sdf.png> <./pics/cropT7_otsu_sdf.png> <./pics/cropT27_o
tsu_sdf.png> <./pics/cropT45_otsu_sdf.png> <./pics/cropT2_otsu_tf.png> <./pics/
cropT7_otsu_tf.png> <./pics/cropT27_otsu_tf.png> <./pics/cropT45_otsu_tf.png>]
<pics/cropT2_kapur_sdf.png, id=441, 496.85625pt x 496.85625pt>
File: pics/cropT2_kapur_sdf.png Graphic file (type png)
<use pics/cropT2_kapur_sdf.png>
Package pdftex.def Info: pics/cropT2_kapur_sdf.png  used on input line 959.
(pdftex.def)             Requested size: 99.36948pt x 99.36948pt.
<pics/cropT7_kapur_sdf.png, id=442, 499.11469pt x 498.36188pt>
File: pics/cropT7_kapur_sdf.png Graphic file (type png)
<use pics/cropT7_kapur_sdf.png>
Package pdftex.def Info: pics/cropT7_kapur_sdf.png  used on input line 962.
(pdftex.def)             Requested size: 99.82115pt x 99.67061pt.
<pics/cropT27_kapur_sdf.png, id=443, 496.85625pt x 496.85625pt>
File: pics/cropT27_kapur_sdf.png Graphic file (type png)
<use pics/cropT27_kapur_sdf.png>
Package pdftex.def Info: pics/cropT27_kapur_sdf.png  used on input line 965.
(pdftex.def)             Requested size: 99.36948pt x 99.36948pt.
<pics/cropT45_kapur_sdf.png, id=444, 491.58656pt x 490.83376pt>
File: pics/cropT45_kapur_sdf.png Graphic file (type png)
<use pics/cropT45_kapur_sdf.png>
Package pdftex.def Info: pics/cropT45_kapur_sdf.png  used on input line 968.
(pdftex.def)             Requested size: 98.31557pt x 98.16501pt.
<pics/cropT2_kapur_tf.png, id=445, 496.85625pt x 496.85625pt>
File: pics/cropT2_kapur_tf.png Graphic file (type png)
<use pics/cropT2_kapur_tf.png>
Package pdftex.def Info: pics/cropT2_kapur_tf.png  used on input line 977.
(pdftex.def)             Requested size: 99.36948pt x 99.36948pt.
<pics/cropT7_kapur_tf.png, id=446, 496.85625pt x 496.10344pt>
File: pics/cropT7_kapur_tf.png Graphic file (type png)
<use pics/cropT7_kapur_tf.png>
Package pdftex.def Info: pics/cropT7_kapur_tf.png  used on input line 980.
(pdftex.def)             Requested size: 99.36948pt x 99.21892pt.
<pics/cropT27_kapur_tf.png, id=447, 496.85625pt x 496.10344pt>
File: pics/cropT27_kapur_tf.png Graphic file (type png)
<use pics/cropT27_kapur_tf.png>
Package pdftex.def Info: pics/cropT27_kapur_tf.png  used on input line 983.
(pdftex.def)             Requested size: 99.36948pt x 99.21892pt.
<pics/cropT45_kapur_tf.png, id=448, 495.35063pt x 495.35063pt>
File: pics/cropT45_kapur_tf.png Graphic file (type png)
<use pics/cropT45_kapur_tf.png>
Package pdftex.def Info: pics/cropT45_kapur_tf.png  used on input line 986.
(pdftex.def)             Requested size: 99.06836pt x 99.06836pt.
<pics/cropT2_niblack.png, id=451, 497.60907pt x 497.60907pt>
File: pics/cropT2_niblack.png Graphic file (type png)
<use pics/cropT2_niblack.png>
Package pdftex.def Info: pics/cropT2_niblack.png  used on input line 996.
(pdftex.def)             Requested size: 104.50098pt x 104.50098pt.
<pics/cropT7_niblack.png, id=452, 493.845pt x 493.845pt>
File: pics/cropT7_niblack.png Graphic file (type png)
<use pics/cropT7_niblack.png>
Package pdftex.def Info: pics/cropT7_niblack.png  used on input line 999.
(pdftex.def)             Requested size: 103.7105pt x 103.7105pt.
<pics/cropT27_niblack.png, id=453, 495.35063pt x 495.35063pt>
File: pics/cropT27_niblack.png Graphic file (type png)
<use pics/cropT27_niblack.png>
Package pdftex.def Info: pics/cropT27_niblack.png  used on input line 1002.
(pdftex.def)             Requested size: 104.0267pt x 104.0267pt.
<pics/cropT45_niblack.png, id=454, 493.845pt x 493.845pt>
File: pics/cropT45_niblack.png Graphic file (type png)
<use pics/cropT45_niblack.png>
Package pdftex.def Info: pics/cropT45_niblack.png  used on input line 1005.
(pdftex.def)             Requested size: 103.7105pt x 103.7105pt.

[24 <./pics/cropT2_kapur.png> <./pics/cropT7_kapur.png> <./pics/cropT27_kapur.p
ng> <./pics/cropT45_kapur.png> <./pics/cropT2_kapur_sdf.png> <./pics/cropT7_kap
ur_sdf.png> <./pics/cropT27_kapur_sdf.png> <./pics/cropT45_kapur_sdf.png> <./pi
cs/cropT2_kapur_tf.png> <./pics/cropT7_kapur_tf.png> <./pics/cropT27_kapur_tf.p
ng> <./pics/cropT45_kapur_tf.png>]
<pics/cropT2_niblack_sdf.png, id=487, 498.36188pt x 497.60907pt>
File: pics/cropT2_niblack_sdf.png Graphic file (type png)
<use pics/cropT2_niblack_sdf.png>
Package pdftex.def Info: pics/cropT2_niblack_sdf.png  used on input line 1016.
(pdftex.def)             Requested size: 104.65907pt x 104.50098pt.
<pics/cropT7_niblack_sdf.png, id=488, 499.11469pt x 499.11469pt>
File: pics/cropT7_niblack_sdf.png Graphic file (type png)
<use pics/cropT7_niblack_sdf.png>
Package pdftex.def Info: pics/cropT7_niblack_sdf.png  used on input line 1019.
(pdftex.def)             Requested size: 104.81717pt x 104.81717pt.
<pics/cropT27_niblack_sdf.png, id=489, 497.60907pt x 497.60907pt>
File: pics/cropT27_niblack_sdf.png Graphic file (type png)
<use pics/cropT27_niblack_sdf.png>
Package pdftex.def Info: pics/cropT27_niblack_sdf.png  used on input line 1022.

(pdftex.def)             Requested size: 104.50098pt x 104.50098pt.
<pics/cropT45_niblack_sdf.png, id=490, 497.60907pt x 497.60907pt>
File: pics/cropT45_niblack_sdf.png Graphic file (type png)
<use pics/cropT45_niblack_sdf.png>
Package pdftex.def Info: pics/cropT45_niblack_sdf.png  used on input line 1025.

(pdftex.def)             Requested size: 104.50098pt x 104.50098pt.
<pics/cropT2_niblack_tf.png, id=491, 495.35063pt x 496.10344pt>
File: pics/cropT2_niblack_tf.png Graphic file (type png)
<use pics/cropT2_niblack_tf.png>
Package pdftex.def Info: pics/cropT2_niblack_tf.png  used on input line 1034.
(pdftex.def)             Requested size: 104.0267pt x 104.18478pt.
<pics/cropT7_niblack_tf.png, id=492, 499.11469pt x 498.36188pt>
File: pics/cropT7_niblack_tf.png Graphic file (type png)
<use pics/cropT7_niblack_tf.png>
Package pdftex.def Info: pics/cropT7_niblack_tf.png  used on input line 1037.
(pdftex.def)             Requested size: 104.81717pt x 104.65907pt.
<pics/cropT27_niblack_tf.png, id=493, 496.85625pt x 496.85625pt>
File: pics/cropT27_niblack_tf.png Graphic file (type png)
<use pics/cropT27_niblack_tf.png>
Package pdftex.def Info: pics/cropT27_niblack_tf.png  used on input line 1040.
(pdftex.def)             Requested size: 104.34288pt x 104.34288pt.
<pics/cropT45_niblack_tf.png, id=494, 496.10344pt x 496.10344pt>
File: pics/cropT45_niblack_tf.png Graphic file (type png)
<use pics/cropT45_niblack_tf.png>
Package pdftex.def Info: pics/cropT45_niblack_tf.png  used on input line 1043.
(pdftex.def)             Requested size: 104.18478pt x 104.18478pt.
<pics/cropT2_bernsen.png, id=497, 496.10344pt x 496.10344pt>
File: pics/cropT2_bernsen.png Graphic file (type png)
<use pics/cropT2_bernsen.png>
Package pdftex.def Info: pics/cropT2_bernsen.png  used on input line 1052.
(pdftex.def)             Requested size: 104.18478pt x 104.18478pt.
<pics/cropT7_bernsen.png, id=498, 490.08093pt x 490.08093pt>
File: pics/cropT7_bernsen.png Graphic file (type png)
<use pics/cropT7_bernsen.png>
Package pdftex.def Info: pics/cropT7_bernsen.png  used on input line 1055.
(pdftex.def)             Requested size: 102.92003pt x 102.92003pt.
<pics/cropT27_bernsen.png, id=499, 495.35063pt x 495.35063pt>
File: pics/cropT27_bernsen.png Graphic file (type png)
<use pics/cropT27_bernsen.png>
Package pdftex.def Info: pics/cropT27_bernsen.png  used on input line 1058.
(pdftex.def)             Requested size: 104.0267pt x 104.0267pt.
<pics/cropT45_bernsen.png, id=500, 495.35063pt x 495.35063pt>
File: pics/cropT45_bernsen.png Graphic file (type png)
<use pics/cropT45_bernsen.png>
Package pdftex.def Info: pics/cropT45_bernsen.png  used on input line 1061.
(pdftex.def)             Requested size: 104.0267pt x 104.0267pt.
 [25 <./pics/cropT2_niblack.png> <./pics/cropT7_niblack.png> <./pics/cropT27_ni
black.png> <./pics/cropT45_niblack.png> <./pics/cropT2_niblack_sdf.png> <./pics
/cropT7_niblack_sdf.png> <./pics/cropT27_niblack_sdf.png> <./pics/cropT45_nibla
ck_sdf.png> <./pics/cropT2_niblack_tf.png> <./pics/cropT7_niblack_tf.png> <./pi
cs/cropT27_niblack_tf.png> <./pics/cropT45_niblack_tf.png>]
<pics/cropT2_bernsen_sdf.png, id=534, 496.10344pt x 495.35063pt>
File: pics/cropT2_bernsen_sdf.png Graphic file (type png)
<use pics/cropT2_bernsen_sdf.png>
Package pdftex.def Info: pics/cropT2_bernsen_sdf.png  used on input line 1072.
(pdftex.def)             Requested size: 104.18478pt x 104.0267pt.
<pics/cropT7_bernsen_sdf.png, id=535, 493.0922pt x 493.845pt>
File: pics/cropT7_bernsen_sdf.png Graphic file (type png)
<use pics/cropT7_bernsen_sdf.png>
Package pdftex.def Info: pics/cropT7_bernsen_sdf.png  used on input line 1075.
(pdftex.def)             Requested size: 103.55241pt x 103.7105pt.
<pics/cropT27_bernsen_sdf.png, id=536, 494.59781pt x 495.35063pt>
File: pics/cropT27_bernsen_sdf.png Graphic file (type png)
<use pics/cropT27_bernsen_sdf.png>
Package pdftex.def Info: pics/cropT27_bernsen_sdf.png  used on input line 1078.

(pdftex.def)             Requested size: 103.86859pt x 104.0267pt.
<pics/cropT45_bernsen_sdf.png, id=537, 493.845pt x 494.59781pt>
File: pics/cropT45_bernsen_sdf.png Graphic file (type png)
<use pics/cropT45_bernsen_sdf.png>
Package pdftex.def Info: pics/cropT45_bernsen_sdf.png  used on input line 1081.

(pdftex.def)             Requested size: 103.7105pt x 103.86859pt.
<pics/cropT2_bernsen_tf.png, id=538, 496.85625pt x 496.85625pt>
File: pics/cropT2_bernsen_tf.png Graphic file (type png)
<use pics/cropT2_bernsen_tf.png>
Package pdftex.def Info: pics/cropT2_bernsen_tf.png  used on input line 1090.
(pdftex.def)             Requested size: 104.34288pt x 104.34288pt.
<pics/cropT7_bernsen_tf.png, id=539, 496.85625pt x 496.10344pt>
File: pics/cropT7_bernsen_tf.png Graphic file (type png)
<use pics/cropT7_bernsen_tf.png>
Package pdftex.def Info: pics/cropT7_bernsen_tf.png  used on input line 1093.
(pdftex.def)             Requested size: 104.34288pt x 104.18478pt.
<pics/cropT27_bernsen_tf.png, id=540, 493.0922pt x 493.0922pt>
File: pics/cropT27_bernsen_tf.png Graphic file (type png)
<use pics/cropT27_bernsen_tf.png>
Package pdftex.def Info: pics/cropT27_bernsen_tf.png  used on input line 1096.
(pdftex.def)             Requested size: 103.55241pt x 103.55241pt.
<pics/cropT45_bernsen_tf.png, id=541, 496.85625pt x 496.85625pt>
File: pics/cropT45_bernsen_tf.png Graphic file (type png)
<use pics/cropT45_bernsen_tf.png>
Package pdftex.def Info: pics/cropT45_bernsen_tf.png  used on input line 1099.
(pdftex.def)             Requested size: 104.34288pt x 104.34288pt.
<pics/cropT2_sauvola.png, id=542, 497.60907pt x 497.60907pt>
File: pics/cropT2_sauvola.png Graphic file (type png)
<use pics/cropT2_sauvola.png>
Package pdftex.def Info: pics/cropT2_sauvola.png  used on input line 1108.
(pdftex.def)             Requested size: 104.50098pt x 104.50098pt.
<pics/cropT7_sauvola.png, id=543, 499.11469pt x 498.36188pt>
File: pics/cropT7_sauvola.png Graphic file (type png)
<use pics/cropT7_sauvola.png>
Package pdftex.def Info: pics/cropT7_sauvola.png  used on input line 1111.
(pdftex.def)             Requested size: 104.81717pt x 104.65907pt.
<pics/cropT27_sauvola.png, id=544, 496.85625pt x 496.85625pt>
File: pics/cropT27_sauvola.png Graphic file (type png)
<use pics/cropT27_sauvola.png>
Package pdftex.def Info: pics/cropT27_sauvola.png  used on input line 1114.
(pdftex.def)             Requested size: 104.34288pt x 104.34288pt.
<pics/cropT45_sauvola.png, id=545, 496.10344pt x 496.10344pt>
File: pics/cropT45_sauvola.png Graphic file (type png)
<use pics/cropT45_sauvola.png>
Package pdftex.def Info: pics/cropT45_sauvola.png  used on input line 1117.
(pdftex.def)             Requested size: 104.18478pt x 104.18478pt.
 [26 <./pics/cropT2_bernsen.png> <./pics/cropT7_bernsen.png> <./pics/cropT27_be
rnsen.png> <./pics/cropT45_bernsen.png> <./pics/cropT2_bernsen_sdf.png> <./pics
/cropT7_bernsen_sdf.png> <./pics/cropT27_bernsen_sdf.png> <./pics/cropT45_berns
en_sdf.png> <./pics/cropT2_bernsen_tf.png> <./pics/cropT7_bernsen_tf.png> <./pi
cs/cropT27_bernsen_tf.png> <./pics/cropT45_bernsen_tf.png>]
<pics/cropT2_sauvola_sdf.png, id=577, 498.36188pt x 498.36188pt>
File: pics/cropT2_sauvola_sdf.png Graphic file (type png)
<use pics/cropT2_sauvola_sdf.png>
Package pdftex.def Info: pics/cropT2_sauvola_sdf.png  used on input line 1126.
(pdftex.def)             Requested size: 104.65907pt x 104.65907pt.
<pics/cropT7_sauvola_sdf.png, id=578, 494.59781pt x 494.59781pt>
File: pics/cropT7_sauvola_sdf.png Graphic file (type png)
<use pics/cropT7_sauvola_sdf.png>
Package pdftex.def Info: pics/cropT7_sauvola_sdf.png  used on input line 1129.
(pdftex.def)             Requested size: 103.86859pt x 103.86859pt.
<pics/cropT27_sauvola_sdf.png, id=579, 500.62032pt x 500.62032pt>
File: pics/cropT27_sauvola_sdf.png Graphic file (type png)
<use pics/cropT27_sauvola_sdf.png>
Package pdftex.def Info: pics/cropT27_sauvola_sdf.png  used on input line 1132.

(pdftex.def)             Requested size: 105.13336pt x 105.13336pt.
<pics/cropT45_sauvola_sdf.png, id=580, 493.0922pt x 493.845pt>
File: pics/cropT45_sauvola_sdf.png Graphic file (type png)
<use pics/cropT45_sauvola_sdf.png>
Package pdftex.def Info: pics/cropT45_sauvola_sdf.png  used on input line 1135.

(pdftex.def)             Requested size: 103.55241pt x 103.7105pt.
<pics/cropT2_sauvola_tf.png, id=581, 499.11469pt x 499.11469pt>
File: pics/cropT2_sauvola_tf.png Graphic file (type png)
<use pics/cropT2_sauvola_tf.png>
Package pdftex.def Info: pics/cropT2_sauvola_tf.png  used on input line 1144.
(pdftex.def)             Requested size: 104.81717pt x 104.81717pt.
<pics/cropT7_sauvola_tf.png, id=582, 494.59781pt x 494.59781pt>
File: pics/cropT7_sauvola_tf.png Graphic file (type png)
<use pics/cropT7_sauvola_tf.png>
Package pdftex.def Info: pics/cropT7_sauvola_tf.png  used on input line 1147.
(pdftex.def)             Requested size: 103.86859pt x 103.86859pt.
<pics/cropT27_sauvola_tf.png, id=583, 496.10344pt x 495.35063pt>
File: pics/cropT27_sauvola_tf.png Graphic file (type png)
<use pics/cropT27_sauvola_tf.png>
Package pdftex.def Info: pics/cropT27_sauvola_tf.png  used on input line 1150.
(pdftex.def)             Requested size: 104.18478pt x 104.0267pt.
<pics/cropT45_sauvola_tf.png, id=584, 496.85625pt x 496.10344pt>
File: pics/cropT45_sauvola_tf.png Graphic file (type png)
<use pics/cropT45_sauvola_tf.png>
Package pdftex.def Info: pics/cropT45_sauvola_tf.png  used on input line 1153.
(pdftex.def)             Requested size: 104.34288pt x 104.18478pt.
<pics/cropT2_hybrid_nb.png, id=585, 493.845pt x 494.59781pt>
File: pics/cropT2_hybrid_nb.png Graphic file (type png)
<use pics/cropT2_hybrid_nb.png>
Package pdftex.def Info: pics/cropT2_hybrid_nb.png  used on input line 1162.
(pdftex.def)             Requested size: 103.7105pt x 103.86859pt.
<pics/cropT7_hybrid_nb.png, id=586, 493.0922pt x 493.845pt>
File: pics/cropT7_hybrid_nb.png Graphic file (type png)
<use pics/cropT7_hybrid_nb.png>
Package pdftex.def Info: pics/cropT7_hybrid_nb.png  used on input line 1165.
(pdftex.def)             Requested size: 103.55241pt x 103.7105pt.
<pics/cropT27_hybrid_nb.png, id=587, 499.11469pt x 499.11469pt>
File: pics/cropT27_hybrid_nb.png Graphic file (type png)
<use pics/cropT27_hybrid_nb.png>
Package pdftex.def Info: pics/cropT27_hybrid_nb.png  used on input line 1168.
(pdftex.def)             Requested size: 104.81717pt x 104.81717pt.
<pics/cropT45_hybrid_nb.png, id=588, 497.60907pt x 497.60907pt>
File: pics/cropT45_hybrid_nb.png Graphic file (type png)
<use pics/cropT45_hybrid_nb.png>
Package pdftex.def Info: pics/cropT45_hybrid_nb.png  used on input line 1171.
(pdftex.def)             Requested size: 104.50098pt x 104.50098pt.

[27 <./pics/cropT2_sauvola.png> <./pics/cropT7_sauvola.png> <./pics/cropT27_sau
vola.png> <./pics/cropT45_sauvola.png> <./pics/cropT2_sauvola_sdf.png> <./pics/
cropT7_sauvola_sdf.png> <./pics/cropT27_sauvola_sdf.png> <./pics/cropT45_sauvol
a_sdf.png> <./pics/cropT2_sauvola_tf.png> <./pics/cropT7_sauvola_tf.png> <./pic
s/cropT27_sauvola_tf.png> <./pics/cropT45_sauvola_tf.png>]
<pics/cropT2_hybrid_nb_sdf.png, id=620, 493.845pt x 494.59781pt>
File: pics/cropT2_hybrid_nb_sdf.png Graphic file (type png)
<use pics/cropT2_hybrid_nb_sdf.png>
Package pdftex.def Info: pics/cropT2_hybrid_nb_sdf.png  used on input line 1180
.
(pdftex.def)             Requested size: 103.7105pt x 103.86859pt.
<pics/cropT7_hybrid_nb_sdf.png, id=621, 496.85625pt x 496.85625pt>
File: pics/cropT7_hybrid_nb_sdf.png Graphic file (type png)
<use pics/cropT7_hybrid_nb_sdf.png>
Package pdftex.def Info: pics/cropT7_hybrid_nb_sdf.png  used on input line 1183
.
(pdftex.def)             Requested size: 104.34288pt x 104.34288pt.
<pics/cropT27_hybrid_nb_sdf.png, id=622, 499.11469pt x 498.36188pt>
File: pics/cropT27_hybrid_nb_sdf.png Graphic file (type png)
<use pics/cropT27_hybrid_nb_sdf.png>
Package pdftex.def Info: pics/cropT27_hybrid_nb_sdf.png  used on input line 118
6.
(pdftex.def)             Requested size: 104.81717pt x 104.65907pt.
<pics/cropT45_hybrid_nb_sdf.png, id=623, 493.0922pt x 493.0922pt>
File: pics/cropT45_hybrid_nb_sdf.png Graphic file (type png)
<use pics/cropT45_hybrid_nb_sdf.png>
Package pdftex.def Info: pics/cropT45_hybrid_nb_sdf.png  used on input line 118
9.
(pdftex.def)             Requested size: 103.55241pt x 103.55241pt.
<pics/cropT2_hybrid_nb_tf.png, id=624, 494.59781pt x 495.35063pt>
File: pics/cropT2_hybrid_nb_tf.png Graphic file (type png)
<use pics/cropT2_hybrid_nb_tf.png>
Package pdftex.def Info: pics/cropT2_hybrid_nb_tf.png  used on input line 1198.

(pdftex.def)             Requested size: 103.86859pt x 104.0267pt.
<pics/cropT7_hybrid_nb_tf.png, id=625, 494.59781pt x 494.59781pt>
File: pics/cropT7_hybrid_nb_tf.png Graphic file (type png)
<use pics/cropT7_hybrid_nb_tf.png>
Package pdftex.def Info: pics/cropT7_hybrid_nb_tf.png  used on input line 1201.

(pdftex.def)             Requested size: 103.86859pt x 103.86859pt.
<pics/cropT27_hybrid_nb_tf.png, id=626, 494.59781pt x 495.35063pt>
File: pics/cropT27_hybrid_nb_tf.png Graphic file (type png)
<use pics/cropT27_hybrid_nb_tf.png>
Package pdftex.def Info: pics/cropT27_hybrid_nb_tf.png  used on input line 1204
.
(pdftex.def)             Requested size: 103.86859pt x 104.0267pt.
<pics/cropT45_hybrid_nb_tf.png, id=627, 499.11469pt x 498.36188pt>
File: pics/cropT45_hybrid_nb_tf.png Graphic file (type png)
<use pics/cropT45_hybrid_nb_tf.png>
Package pdftex.def Info: pics/cropT45_hybrid_nb_tf.png  used on input line 1207
.
(pdftex.def)             Requested size: 104.81717pt x 104.65907pt.
<pics/cropT2_hybrid_sb.png, id=628, 493.0922pt x 493.0922pt>
File: pics/cropT2_hybrid_sb.png Graphic file (type png)
<use pics/cropT2_hybrid_sb.png>
Package pdftex.def Info: pics/cropT2_hybrid_sb.png  used on input line 1216.
(pdftex.def)             Requested size: 103.55241pt x 103.55241pt.
<pics/cropT7_hybrid_sb.png, id=629, 494.59781pt x 494.59781pt>
File: pics/cropT7_hybrid_sb.png Graphic file (type png)
<use pics/cropT7_hybrid_sb.png>
Package pdftex.def Info: pics/cropT7_hybrid_sb.png  used on input line 1219.
(pdftex.def)             Requested size: 103.86859pt x 103.86859pt.
<pics/cropT27_hybrid_sb.png, id=630, 499.11469pt x 498.36188pt>
File: pics/cropT27_hybrid_sb.png Graphic file (type png)
<use pics/cropT27_hybrid_sb.png>
Package pdftex.def Info: pics/cropT27_hybrid_sb.png  used on input line 1222.
(pdftex.def)             Requested size: 104.81717pt x 104.65907pt.
<pics/cropT45_hybrid_sb.png, id=631, 497.60907pt x 497.60907pt>
File: pics/cropT45_hybrid_sb.png Graphic file (type png)
<use pics/cropT45_hybrid_sb.png>
Package pdftex.def Info: pics/cropT45_hybrid_sb.png  used on input line 1225.
(pdftex.def)             Requested size: 104.50098pt x 104.50098pt.
 [28 <./pics/cropT2_hybrid_nb.png> <./pics/cropT7_hybrid_nb.png> <./pics/cropT2
7_hybrid_nb.png> <./pics/cropT45_hybrid_nb.png> <./pics/cropT2_hybrid_nb_sdf.pn
g> <./pics/cropT7_hybrid_nb_sdf.png> <./pics/cropT27_hybrid_nb_sdf.png> <./pics
/cropT45_hybrid_nb_sdf.png> <./pics/cropT2_hybrid_nb_tf.png> <./pics/cropT7_hyb
rid_nb_tf.png> <./pics/cropT27_hybrid_nb_tf.png> <./pics/cropT45_hybrid_nb_tf.p
ng>]
<pics/cropT2_hybrid_sb_sdf.png, id=663, 496.10344pt x 495.35063pt>
File: pics/cropT2_hybrid_sb_sdf.png Graphic file (type png)
<use pics/cropT2_hybrid_sb_sdf.png>
Package pdftex.def Info: pics/cropT2_hybrid_sb_sdf.png  used on input line 1234
.
(pdftex.def)             Requested size: 104.18478pt x 104.0267pt.
<pics/cropT7_hybrid_sb_sdf.png, id=664, 499.11469pt x 498.36188pt>
File: pics/cropT7_hybrid_sb_sdf.png Graphic file (type png)
<use pics/cropT7_hybrid_sb_sdf.png>
Package pdftex.def Info: pics/cropT7_hybrid_sb_sdf.png  used on input line 1237
.
(pdftex.def)             Requested size: 104.81717pt x 104.65907pt.
<pics/cropT27_hybrid_sb_sdf.png, id=665, 497.60907pt x 497.60907pt>
File: pics/cropT27_hybrid_sb_sdf.png Graphic file (type png)
<use pics/cropT27_hybrid_sb_sdf.png>
Package pdftex.def Info: pics/cropT27_hybrid_sb_sdf.png  used on input line 124
0.
(pdftex.def)             Requested size: 104.50098pt x 104.50098pt.
<pics/cropT45_hybrid_sb_sdf.png, id=666, 496.85625pt x 496.10344pt>
File: pics/cropT45_hybrid_sb_sdf.png Graphic file (type png)
<use pics/cropT45_hybrid_sb_sdf.png>
Package pdftex.def Info: pics/cropT45_hybrid_sb_sdf.png  used on input line 124
3.
(pdftex.def)             Requested size: 104.34288pt x 104.18478pt.
<pics/cropT2_hybrid_sb_tf.png, id=667, 498.36188pt x 498.36188pt>
File: pics/cropT2_hybrid_sb_tf.png Graphic file (type png)
<use pics/cropT2_hybrid_sb_tf.png>
Package pdftex.def Info: pics/cropT2_hybrid_sb_tf.png  used on input line 1252.

(pdftex.def)             Requested size: 104.65907pt x 104.65907pt.
<pics/cropT7_hybrid_sb_tf.png, id=668, 498.36188pt x 498.36188pt>
File: pics/cropT7_hybrid_sb_tf.png Graphic file (type png)
<use pics/cropT7_hybrid_sb_tf.png>
Package pdftex.def Info: pics/cropT7_hybrid_sb_tf.png  used on input line 1255.

(pdftex.def)             Requested size: 104.65907pt x 104.65907pt.
<pics/cropT27_hybrid_sb_tf.png, id=669, 496.85625pt x 496.10344pt>
File: pics/cropT27_hybrid_sb_tf.png Graphic file (type png)
<use pics/cropT27_hybrid_sb_tf.png>
Package pdftex.def Info: pics/cropT27_hybrid_sb_tf.png  used on input line 1258
.
(pdftex.def)             Requested size: 104.34288pt x 104.18478pt.
<pics/cropT45_hybrid_sb_tf.png, id=670, 500.62032pt x 499.8675pt>
File: pics/cropT45_hybrid_sb_tf.png Graphic file (type png)
<use pics/cropT45_hybrid_sb_tf.png>
Package pdftex.def Info: pics/cropT45_hybrid_sb_tf.png  used on input line 1261
.
(pdftex.def)             Requested size: 105.13336pt x 104.97527pt.

Underfull \hbox (badness 10000) in paragraph at lines 1252--1262
[][]  [][]  [][]
 []

[29 <./pics/cropT2_hybrid_sb.png> <./pics/cropT7_hybrid_sb.png> <./pics/cropT27
_hybrid_sb.png> <./pics/cropT45_hybrid_sb.png> <./pics/cropT2_hybrid_sb_sdf.png
> <./pics/cropT7_hybrid_sb_sdf.png> <./pics/cropT27_hybrid_sb_sdf.png> <./pics/
cropT45_hybrid_sb_sdf.png> <./pics/cropT2_hybrid_sb_tf.png> <./pics/cropT7_hybr
id_sb_tf.png> <./pics/cropT27_hybrid_sb_tf.png> <./pics/cropT45_hybrid_sb_tf.pn
g>] [30] [31]
Underfull \hbox (badness 10000) in paragraph at lines 1287--1289
[][]$\T1/cmtt/m/n/10.95 https : / / www . researchgate . net / publication / 33
7755994 _ Macrophage _ image _
 []

("C:\Program Files\MiKTeX 2.9\tex/latex/ucs\uni-32.def"
File: uni-32.def 2013/05/13 UCS: Unicode data U+2000..U+20FF
)
Underfull \hbox (badness 1983) in paragraph at lines 1299--1301
[]\T1/cmr/m/n/10.95 Anna Kor-zyn-ska, Lu-kasz Rosz-ko-wiak,Carlos Lo-pez, Ra-mo
n Bosch, Lu-kasz Wit-
 []


Underfull \hbox (badness 2941) in paragraph at lines 1299--1301
\T1/cmr/m/n/10.95 ko-wski1, Ma-ry-lene Le-je-une \T1/cmr/bx/n/10.95 Va-li-da-ti
on of va-ri-ous adap-tive th-res-hold-met-
 []


Underfull \hbox (badness 6775) in paragraph at lines 1299--1301
\T1/cmr/bx/n/10.95 ned with3,3'-Diaminobenzidine$\OT1/cmr/m/n/10.95 &$\T1/cmr/b
x/n/10.95 Haematoxylin\T1/cmr/m/n/10.95 : [][]$\T1/cmtt/m/n/10.95 https : / / w
ww . ncbi . nlm . nih .
 []

Package atveryend Info: Empty hook `BeforeClearDocument' on input line 1309.
[32]
Package atveryend Info: Empty hook `AfterLastShipout' on input line 1309.
 (dip_sk.aux)
Package atveryend Info: Executing hook `AtVeryEndDocument' on input line 1309.
Package atveryend Info: Executing hook `AtEndAfterFileList' on input line 1309.

Package rerunfilecheck Info: File `dip_sk.out' has not changed.
(rerunfilecheck)             Checksum: 5D20957629E1A490F67F5A7EBFCAB656;1488.


LaTeX Warning: There were multiply-defined labels.

Package atveryend Info: Empty hook `AtVeryVeryEnd' on input line 1309.
 ) 
Here is how much of TeX's memory you used:
 13681 strings out of 492453
 202650 string characters out of 3129819
 293979 words of memory out of 3000000
 17463 multiletter control sequences out of 15000+200000
 21367 words of font info for 60 fonts, out of 3000000 for 9000
 1141 hyphenation exceptions out of 8191
 48i,11n,49p,1054b,541s stack positions out of 5000i,500n,10000p,200000b,50000s
 <C:\Users\maria\AppData\Local\MiKTeX\2.9\fonts/pk/ljfour/jknappen/ec/dpi600\
ectt0900.pk> <C:\Users\maria\AppData\Local\MiKTeX\2.9\fonts/pk/ljfour/jknappen/
ec/dpi600\ecrm0900.pk> <C:\Users\maria\AppData\Local\MiKTeX\2.9\fonts/pk/ljfour
/jknappen/ec/dpi600\ectt1095.pk> <C:\Users\maria\AppData\Local\MiKTeX\2.9\fonts
/pk/ljfour/jknappen/ec/dpi600\ecrm1000.pk> <C:\Users\maria\AppData\Local\MiKTeX
\2.9\fonts/pk/ljfour/jknappen/ec/dpi600\ecti1095.pk> <C:\Users\maria\AppData\Lo
cal\MiKTeX\2.9\fonts/pk/ljfour/jknappen/ec/dpi600\ecbx1095.pk> <C:\Users\maria\
AppData\Local\MiKTeX\2.9\fonts/pk/ljfour/jknappen/ec/dpi600\ecsl1095.pk> <C:\Us
ers\maria\AppData\Local\MiKTeX\2.9\fonts/pk/ljfour/jknappen/ec/dpi600\ecrm1095.
pk> <C:\Users\maria\AppData\Local\MiKTeX\2.9\fonts/pk/ljfour/jknappen/ec/dpi600
\ecbx1440.pk> <C:\Users\maria\AppData\Local\MiKTeX\2.9\fonts/pk/ljfour/jknappen
/ec/dpi600\ecbx1200.pk><C:/Program Files/MiKTeX 2.9/fonts/type1/public/amsfonts
/cm/cmex10.pfb><C:/Program Files/MiKTeX 2.9/fonts/type1/public/amsfonts/cm/cmmi
10.pfb><C:/Program Files/MiKTeX 2.9/fonts/type1/public/amsfonts/cm/cmmi6.pfb><C
:/Program Files/MiKTeX 2.9/fonts/type1/public/amsfonts/cm/cmmi7.pfb><C:/Program
 Files/MiKTeX 2.9/fonts/type1/public/amsfonts/cm/cmmi8.pfb><C:/Program Files/Mi
KTeX 2.9/fonts/type1/public/amsfonts/cm/cmmi9.pfb><C:/Program Files/MiKTeX 2.9/
fonts/type1/public/amsfonts/cm/cmr10.pfb><C:/Program Files/MiKTeX 2.9/fonts/typ
e1/public/amsfonts/cm/cmr6.pfb><C:/Program Files/MiKTeX 2.9/fonts/type1/public/
amsfonts/cm/cmr8.pfb><C:/Program Files/MiKTeX 2.9/fonts/type1/public/amsfonts/c
m/cmr9.pfb><C:/Program Files/MiKTeX 2.9/fonts/type1/public/amsfonts/cm/cmsy10.p
fb><C:/Program Files/MiKTeX 2.9/fonts/type1/public/amsfonts/cm/cmsy6.pfb><C:/Pr
ogram Files/MiKTeX 2.9/fonts/type1/public/amsfonts/cm/cmsy8.pfb><C:/Program Fil
es/MiKTeX 2.9/fonts/type1/public/amsfonts/cm/cmsy9.pfb>
Output written on dip_sk.pdf (32 pages, 8279862 bytes).
PDF statistics:
 1351 PDF objects out of 1440 (max. 8388607)
 246 named destinations out of 1000 (max. 500000)
 709 words of extra memory for PDF output out of 10000 (max. 10000000)

